<?xml version="1.0" encoding="UTF-8"?>
<beans xmlns="http://www.springframework.org/schema/beans"
       xmlns:xsi="http://www.w3.org/2001/XMLSchema-instance" xmlns:cache="http://www.springframework.org/schema/cache"
       xmlns:aop="http://www.springframework.org/schema/aop"
       xmlns:context="http://www.springframework.org/schema/context"
       xsi:schemaLocation="http://www.springframework.org/schema/beans http://www.springframework.org/schema/beans/spring-beans.xsd http://www.springframework.org/schema/cache http://www.springframework.org/schema/cache/spring-cache.xsd http://www.springframework.org/schema/aop http://www.springframework.org/schema/aop/spring-aop.xsd http://www.springframework.org/schema/context http://www.springframework.org/schema/context/spring-context.xsd">

    <aop:aspectj-autoproxy />
    <context:component-scan base-package="com.couchbase" />


    <bean id="couchbaseCluster" class="com.couchbase.client.java.CouchbaseCluster" factory-method="create">
        <constructor-arg>
            <list>
                <!-- list the IP/hostnames to bootstrap from (recommended: 2) -->
                <value>es-deal-qa.tmonc.net</value>
            </list>
        </constructor-arg>
    </bean>

    <bean id="couchbaseBucket" class="com.couchbase.client.java.Bucket"
          factory-bean="couchbaseCluster" factory-method="openBucket">
        <!-- specify the bucket and password to use -->
        <constructor-arg index="0" type="java.lang.String" value="cache"/>
        <constructor-arg index="1" type="java.lang.String" value="cbadmin!!"/>
    </bean>

    <bean id="couchbaseCacheBuilder" class="com.couchbase.client.spring.cache.CacheBuilder"
          factory-method="newInstance">
        <constructor-arg type="com.couchbase.client.java.Bucket" ref="couchbaseBucket"/>
    </bean>

    <bean id="cacheManager" class="com.couchbase.client.spring.cache.CouchbaseCacheManager">
        <constructor-arg type="com.couchbase.client.spring.cache.CacheBuilder" ref="couchbaseCacheBuilder"/>
        <constructor-arg>
            <list>
                <!-- pre-declare caches you intend to use -->
                <value>staticCache1</value>
                <value>staticCache2</value>
                <value>staticCache3</value>
                <value>dataCache</value>
            </list>
        </constructor-arg>
    </bean>

    <bean id="cachedService" class="com.couchbase.client.spring.cache.wiring.CachedService"/>

    <cache:annotation-driven/>



</beans>